127.0.0.1 - - [11/Oct/2025 14:45:08] "GET / HTTP/1.1" 200 -
127.0.0.1 - - [11/Oct/2025 14:45:08] "GET /_static/basic.css HTTP/1.1" 200 -
127.0.0.1 - - [11/Oct/2025 14:45:08] "GET /_static/pygments.css HTTP/1.1" 200 -
127.0.0.1 - - [11/Oct/2025 14:45:08] "GET /_static/matrixeq.css?v=58BC228F HTTP/1.1" 200 -
127.0.0.1 - - [11/Oct/2025 14:45:08] "GET /_static/webgldemo.css?v=B36B48D HTTP/1.1" 200 -
127.0.0.1 - - [11/Oct/2025 14:45:08] "GET /_static/webglinteractive.css?v=910DF1E1 HTTP/1.1" 200 -
127.0.0.1 - - [11/Oct/2025 14:45:08] "GET /_static/CodeChat.css HTTP/1.1" 200 -
127.0.0.1 - - [11/Oct/2025 14:45:08] "GET /_static/accessibility.css?v=6547A273 HTTP/1.1" 200 -
127.0.0.1 - - [11/Oct/2025 14:45:08] "GET /_static/bootstrap-3.4.1/css/bootstrap.min.css HTTP/1.1" 200 -
127.0.0.1 - - [11/Oct/2025 14:45:08] "GET /_static/jquery-ui-1.10.3.custom.min.css?v=97E0178A HTTP/1.1" 200 -
127.0.0.1 - - [11/Oct/2025 14:45:08] "GET /_static/bootstrap-sphinx.css HTTP/1.1" 200 -
127.0.0.1 - - [11/Oct/2025 14:45:08] "GET /_static/user-highlights.css?v=A2326E52 HTTP/1.1" 200 -
127.0.0.1 - - [11/Oct/2025 14:45:08] "GET /_static/runestone-custom-sphinx-bootstrap.css?v=5.3.0 HTTP/1.1" 200 -
127.0.0.1 - - [11/Oct/2025 14:45:08] "GET /_static/theme-overrides.css?v=2DAFE138 HTTP/1.1" 200 -
127.0.0.1 - - [11/Oct/2025 14:45:08] "GET /_static/documentation_options.js HTTP/1.1" 200 -
127.0.0.1 - - [11/Oct/2025 14:45:08] "GET /_static/jquery.js HTTP/1.1" 200 -
127.0.0.1 - - [11/Oct/2025 14:45:08] "GET /_static/underscore.js HTTP/1.1" 200 -
127.0.0.1 - - [11/Oct/2025 14:45:08] "GET /_static/doctools.js HTTP/1.1" 200 -
127.0.0.1 - - [11/Oct/2025 14:45:08] "GET /_static/language_data.js HTTP/1.1" 200 -
127.0.0.1 - - [11/Oct/2025 14:45:08] "GET /_static/jquery-fix.js?v=1226591B HTTP/1.1" 200 -
127.0.0.1 - - [11/Oct/2025 14:45:08] "GET /_static/matrixeq.js?v=D64CFA5A HTTP/1.1" 200 -
127.0.0.1 - - [11/Oct/2025 14:45:08] "GET /_static/theme.js?v=D899FB97 HTTP/1.1" 200 -
127.0.0.1 - - [11/Oct/2025 14:45:08] "GET /_static/webglinteractive.js?v=2B768384 HTTP/1.1" 200 -
127.0.0.1 - - [11/Oct/2025 14:45:08] "GET /_static/FileSaver.min.js?v=8408C997 HTTP/1.1" 200 -
127.0.0.1 - - [11/Oct/2025 14:45:08] "GET /_static/Blob.js?v=AEC2447 HTTP/1.1" 200 -
127.0.0.1 - - [11/Oct/2025 14:45:08] "GET /_static/html4css1.css?v=4533ACD3 HTTP/1.1" 200 -
127.0.0.1 - - [11/Oct/2025 14:45:08] "GET /_static/animationbase.js?v=A043C3A7 HTTP/1.1" 200 -
127.0.0.1 - - [11/Oct/2025 14:45:08] "GET /_static/pytutor-embed.bundle.js?v=268B5C04 HTTP/1.1" 200 -
127.0.0.1 - - [11/Oct/2025 14:45:08] "GET /_static/jquery.highlight.js?v=F1C496C8 HTTP/1.1" 200 -
127.0.0.1 - - [11/Oct/2025 14:45:08] "GET /_static/sql-wasm.js?v=44FE0709 HTTP/1.1" 200 -
127.0.0.1 - - [11/Oct/2025 14:45:08] "GET /_static/html4css1.css HTTP/1.1" 200 -
127.0.0.1 - - [11/Oct/2025 14:45:08] "GET /_static/runestone.js?v=7DFA3710 HTTP/1.1" 200 -
127.0.0.1 - - [11/Oct/2025 14:45:08] "GET /_static/jquery-ui-1.10.3.custom.min.js?v=2B07FE4F HTTP/1.1" 200 -
127.0.0.1 - - [11/Oct/2025 14:45:08] "GET /_static/bootstrap-3.4.1/js/bootstrap.min.js HTTP/1.1" 200 -
127.0.0.1 - - [11/Oct/2025 14:45:08] "GET /_static/bootstrap-sphinx.js HTTP/1.1" 200 -
127.0.0.1 - - [11/Oct/2025 14:45:08] "GET /_static/jquery.idle-timer.js?v=E942DAF1 HTTP/1.1" 200 -
127.0.0.1 - - [11/Oct/2025 14:45:08] "GET /_static/presenter_mode.js?v=2DF16FB4 HTTP/1.1" 200 -
127.0.0.1 - - [11/Oct/2025 14:45:08] "GET /_static/presenter_mode.css?v=9FF1320F HTTP/1.1" 200 -
127.0.0.1 - - [11/Oct/2025 14:45:08] code 404, message File not found
127.0.0.1 - - [11/Oct/2025 14:45:08] "GET /runestone/static/images/RunestoneBanner%7B%7B=banner_num%7D%7D.png HTTP/1.1" 404 -
127.0.0.1 - - [11/Oct/2025 14:45:08] code 404, message File not found
127.0.0.1 - - [11/Oct/2025 14:45:08] "GET /runestone/static/images/RunestoneBanner%7B%7B=banner_num%7D%7D.png HTTP/1.1" 404 -
127.0.0.1 - - [11/Oct/2025 14:45:08] "GET /_static/img/logo_small.png HTTP/1.1" 200 -
127.0.0.1 - - [11/Oct/2025 14:45:14] code 404, message File not found
127.0.0.1 - - [11/Oct/2025 14:45:14] "GET /runestone/static/images/RunestoneBanner%7B%7B=banner_num%7D%7D.png HTTP/1.1" 404 -
127.0.0.1 - - [11/Oct/2025 14:47:04] "GET /start_here.html HTTP/1.1" 200 -
127.0.0.1 - - [11/Oct/2025 14:47:04] "GET /_static/basic.css HTTP/1.1" 304 -
127.0.0.1 - - [11/Oct/2025 14:47:04] "GET /_static/pygments.css HTTP/1.1" 304 -
127.0.0.1 - - [11/Oct/2025 14:47:04] "GET /_static/matrixeq.css?v=58BC228F HTTP/1.1" 304 -
127.0.0.1 - - [11/Oct/2025 14:47:04] "GET /_static/webgldemo.css?v=B36B48D HTTP/1.1" 304 -
127.0.0.1 - - [11/Oct/2025 14:47:04] "GET /_static/webglinteractive.css?v=910DF1E1 HTTP/1.1" 304 -
127.0.0.1 - - [11/Oct/2025 14:47:04] "GET /_static/CodeChat.css HTTP/1.1" 304 -
127.0.0.1 - - [11/Oct/2025 14:47:04] "GET /_static/accessibility.css?v=6547A273 HTTP/1.1" 304 -
127.0.0.1 - - [11/Oct/2025 14:47:04] "GET /_static/bootstrap-3.4.1/css/bootstrap.min.css HTTP/1.1" 304 -
127.0.0.1 - - [11/Oct/2025 14:47:04] "GET /_static/presenter_mode.css?v=9FF1320F HTTP/1.1" 304 -
127.0.0.1 - - [11/Oct/2025 14:47:04] "GET /_static/jquery-ui-1.10.3.custom.min.css?v=97E0178A HTTP/1.1" 304 -
127.0.0.1 - - [11/Oct/2025 14:47:04] "GET /_static/bootstrap-sphinx.css HTTP/1.1" 304 -
127.0.0.1 - - [11/Oct/2025 14:47:04] "GET /_static/user-highlights.css?v=A2326E52 HTTP/1.1" 304 -
127.0.0.1 - - [11/Oct/2025 14:47:04] "GET /_static/runestone-custom-sphinx-bootstrap.css?v=5.3.0 HTTP/1.1" 304 -
127.0.0.1 - - [11/Oct/2025 14:47:04] "GET /_static/theme-overrides.css?v=2DAFE138 HTTP/1.1" 304 -
127.0.0.1 - - [11/Oct/2025 14:47:04] "GET /_static/documentation_options.js HTTP/1.1" 304 -
127.0.0.1 - - [11/Oct/2025 14:47:04] "GET /_static/underscore.js HTTP/1.1" 304 -
127.0.0.1 - - [11/Oct/2025 14:47:04] "GET /_static/doctools.js HTTP/1.1" 304 -
127.0.0.1 - - [11/Oct/2025 14:47:04] "GET /_static/language_data.js HTTP/1.1" 304 -
127.0.0.1 - - [11/Oct/2025 14:47:04] "GET /_static/matrixeq.js?v=D64CFA5A HTTP/1.1" 304 -
127.0.0.1 - - [11/Oct/2025 14:47:04] "GET /_static/webglinteractive.js?v=2B768384 HTTP/1.1" 304 -
127.0.0.1 - - [11/Oct/2025 14:47:04] "GET /_static/FileSaver.min.js?v=8408C997 HTTP/1.1" 304 -
127.0.0.1 - - [11/Oct/2025 14:47:04] "GET /_static/Blob.js?v=AEC2447 HTTP/1.1" 304 -
127.0.0.1 - - [11/Oct/2025 14:47:04] "GET /_static/jquery-ui-1.10.3.custom.min.js?v=2B07FE4F HTTP/1.1" 200 -
127.0.0.1 - - [11/Oct/2025 14:47:04] "GET /_static/html4css1.css?v=4533ACD3 HTTP/1.1" 304 -
127.0.0.1 - - [11/Oct/2025 14:47:04] "GET /_static/bootstrap-3.4.1/js/bootstrap.min.js HTTP/1.1" 200 -
127.0.0.1 - - [11/Oct/2025 14:47:04] "GET /_static/jquery-fix.js?v=1226591B HTTP/1.1" 200 -
127.0.0.1 - - [11/Oct/2025 14:47:04] "GET /_static/bootstrap-sphinx.js HTTP/1.1" 200 -
127.0.0.1 - - [11/Oct/2025 14:47:04] "GET /_static/jquery.idle-timer.js?v=E942DAF1 HTTP/1.1" 200 -
127.0.0.1 - - [11/Oct/2025 14:47:04] "GET /_static/presenter_mode.js?v=2DF16FB4 HTTP/1.1" 200 -
127.0.0.1 - - [11/Oct/2025 14:47:04] "GET /_static/theme.js?v=D899FB97 HTTP/1.1" 200 -
127.0.0.1 - - [11/Oct/2025 14:47:04] "GET /_static/animationbase.js?v=A043C3A7 HTTP/1.1" 304 -
127.0.0.1 - - [11/Oct/2025 14:47:04] "GET /_static/pytutor-embed.bundle.js?v=268B5C04 HTTP/1.1" 304 -
127.0.0.1 - - [11/Oct/2025 14:47:04] "GET /_static/jquery.highlight.js?v=F1C496C8 HTTP/1.1" 304 -
127.0.0.1 - - [11/Oct/2025 14:47:04] "GET /_static/sql-wasm.js?v=44FE0709 HTTP/1.1" 304 -
127.0.0.1 - - [11/Oct/2025 14:47:04] "GET /_static/runestone.js?v=7DFA3710 HTTP/1.1" 304 -
127.0.0.1 - - [11/Oct/2025 14:47:04] "GET /_static/html4css1.css HTTP/1.1" 200 -
127.0.0.1 - - [11/Oct/2025 14:47:04] "GET /_static/jquery.js HTTP/1.1" 304 -
127.0.0.1 - - [11/Oct/2025 14:47:04] code 404, message File not found
127.0.0.1 - - [11/Oct/2025 14:47:04] "GET /runestone/static/images/RunestoneBanner%7B%7B=banner_num%7D%7D.png HTTP/1.1" 404 -
127.0.0.1 - - [11/Oct/2025 14:47:04] code 404, message File not found
127.0.0.1 - - [11/Oct/2025 14:47:04] "GET /runestone/static/images/RunestoneBanner%7B%7B=banner_num%7D%7D.png HTTP/1.1" 404 -
127.0.0.1 - - [11/Oct/2025 14:47:04] "GET /_static/img/logo_small.png HTTP/1.1" 200 -
127.0.0.1 - - [11/Oct/2025 14:47:04] code 404, message File not found
127.0.0.1 - - [11/Oct/2025 14:47:04] "GET /%7B%7B%20=request.application%20%7D%7D/static/favicon.ico HTTP/1.1" 404 -
----------------------------------------
Exception happened during processing of request from ('127.0.0.1', 62896)
Traceback (most recent call last):
  File "/opt/anaconda3/envs/sql/lib/python3.8/http/server.py", line 722, in send_head
    f = open(path, 'rb')
FileNotFoundError: [Errno 2] No such file or directory: '/Users/marailith/VisualStudioCode/research/public-pfp-ebooks/pfp-ebooks-SQL/build/cs102sql/{{ =request.application }}/static/favicon.ico'

During handling of the above exception, another exception occurred:

Traceback (most recent call last):
  File "/opt/anaconda3/envs/sql/lib/python3.8/socketserver.py", line 316, in _handle_request_noblock
    self.process_request(request, client_address)
  File "/opt/anaconda3/envs/sql/lib/python3.8/socketserver.py", line 347, in process_request
    self.finish_request(request, client_address)
  File "/opt/anaconda3/envs/sql/lib/python3.8/socketserver.py", line 360, in finish_request
    self.RequestHandlerClass(request, client_address, self)
  File "/opt/anaconda3/envs/sql/lib/python3.8/http/server.py", line 664, in __init__
    super().__init__(*args, **kwargs)
  File "/opt/anaconda3/envs/sql/lib/python3.8/socketserver.py", line 747, in __init__
    self.handle()
  File "/opt/anaconda3/envs/sql/lib/python3.8/http/server.py", line 435, in handle
    self.handle_one_request()
  File "/opt/anaconda3/envs/sql/lib/python3.8/http/server.py", line 423, in handle_one_request
    method()
  File "/opt/anaconda3/envs/sql/lib/python3.8/http/server.py", line 668, in do_GET
    f = self.send_head()
  File "/opt/anaconda3/envs/sql/lib/python3.8/http/server.py", line 724, in send_head
    self.send_error(HTTPStatus.NOT_FOUND, "File not found")
  File "/opt/anaconda3/envs/sql/lib/python3.8/http/server.py", line 490, in send_error
    self.wfile.write(body)
  File "/opt/anaconda3/envs/sql/lib/python3.8/socketserver.py", line 826, in write
    self._sock.sendall(b)
BrokenPipeError: [Errno 32] Broken pipe
----------------------------------------
127.0.0.1 - - [11/Oct/2025 14:47:04] code 404, message File not found
127.0.0.1 - - [11/Oct/2025 14:47:04] "GET /runestone/static/images/RunestoneBanner%7B%7B=banner_num%7D%7D.png HTTP/1.1" 404 -
127.0.0.1 - - [11/Oct/2025 14:47:30] "GET /integrated_3.html HTTP/1.1" 200 -
127.0.0.1 - - [11/Oct/2025 14:47:30] "GET /_static/basic.css HTTP/1.1" 200 -
127.0.0.1 - - [11/Oct/2025 14:47:30] "GET /_static/pygments.css HTTP/1.1" 200 -
127.0.0.1 - - [11/Oct/2025 14:47:30] "GET /_static/matrixeq.css?v=58BC228F HTTP/1.1" 200 -
127.0.0.1 - - [11/Oct/2025 14:47:30] "GET /_static/webgldemo.css?v=B36B48D HTTP/1.1" 200 -
127.0.0.1 - - [11/Oct/2025 14:47:30] "GET /_static/webglinteractive.css?v=910DF1E1 HTTP/1.1" 200 -
127.0.0.1 - - [11/Oct/2025 14:47:30] "GET /_static/CodeChat.css HTTP/1.1" 200 -
127.0.0.1 - - [11/Oct/2025 14:47:30] "GET /_static/accessibility.css?v=6547A273 HTTP/1.1" 200 -
127.0.0.1 - - [11/Oct/2025 14:47:30] "GET /_static/bootstrap-3.4.1/css/bootstrap.min.css HTTP/1.1" 200 -
127.0.0.1 - - [11/Oct/2025 14:47:30] "GET /_static/presenter_mode.css?v=9FF1320F HTTP/1.1" 200 -
127.0.0.1 - - [11/Oct/2025 14:47:30] "GET /_static/jquery-ui-1.10.3.custom.min.css?v=97E0178A HTTP/1.1" 200 -
127.0.0.1 - - [11/Oct/2025 14:47:30] "GET /_static/bootstrap-sphinx.css HTTP/1.1" 200 -
127.0.0.1 - - [11/Oct/2025 14:47:30] "GET /_static/user-highlights.css?v=A2326E52 HTTP/1.1" 200 -
127.0.0.1 - - [11/Oct/2025 14:47:30] "GET /_static/theme-overrides.css?v=2DAFE138 HTTP/1.1" 200 -
127.0.0.1 - - [11/Oct/2025 14:47:30] "GET /_static/documentation_options.js HTTP/1.1" 200 -
127.0.0.1 - - [11/Oct/2025 14:47:30] "GET /_static/jquery.js HTTP/1.1" 200 -
127.0.0.1 - - [11/Oct/2025 14:47:30] "GET /_static/underscore.js HTTP/1.1" 200 -
127.0.0.1 - - [11/Oct/2025 14:47:30] "GET /_static/doctools.js HTTP/1.1" 200 -
127.0.0.1 - - [11/Oct/2025 14:47:30] "GET /_static/language_data.js HTTP/1.1" 200 -
127.0.0.1 - - [11/Oct/2025 14:47:30] "GET /_static/matrixeq.js?v=D64CFA5A HTTP/1.1" 200 -
127.0.0.1 - - [11/Oct/2025 14:47:30] "GET /_static/webglinteractive.js?v=2B768384 HTTP/1.1" 200 -
127.0.0.1 - - [11/Oct/2025 14:47:30] "GET /_static/FileSaver.min.js?v=8408C997 HTTP/1.1" 200 -
127.0.0.1 - - [11/Oct/2025 14:47:30] "GET /_static/Blob.js?v=AEC2447 HTTP/1.1" 200 -
127.0.0.1 - - [11/Oct/2025 14:47:30] "GET /_static/html4css1.css?v=4533ACD3 HTTP/1.1" 200 -
127.0.0.1 - - [11/Oct/2025 14:47:30] "GET /_static/animationbase.js?v=A043C3A7 HTTP/1.1" 200 -
127.0.0.1 - - [11/Oct/2025 14:47:30] "GET /_static/jquery.highlight.js?v=F1C496C8 HTTP/1.1" 200 -
127.0.0.1 - - [11/Oct/2025 14:47:30] "GET /_static/sql-wasm.js?v=44FE0709 HTTP/1.1" 200 -
127.0.0.1 - - [11/Oct/2025 14:47:30] "GET /_static/jquery-ui-1.10.3.custom.min.js?v=2B07FE4F HTTP/1.1" 200 -
127.0.0.1 - - [11/Oct/2025 14:47:30] "GET /_static/pytutor-embed.bundle.js?v=268B5C04 HTTP/1.1" 304 -
127.0.0.1 - - [11/Oct/2025 14:47:30] "GET /_static/bootstrap-3.4.1/js/bootstrap.min.js HTTP/1.1" 200 -
127.0.0.1 - - [11/Oct/2025 14:47:30] "GET /_static/jquery-fix.js?v=1226591B HTTP/1.1" 200 -
127.0.0.1 - - [11/Oct/2025 14:47:30] "GET /_static/bootstrap-sphinx.js HTTP/1.1" 200 -
127.0.0.1 - - [11/Oct/2025 14:47:30] "GET /_static/jquery.idle-timer.js?v=E942DAF1 HTTP/1.1" 200 -
127.0.0.1 - - [11/Oct/2025 14:47:30] "GET /_static/presenter_mode.js?v=2DF16FB4 HTTP/1.1" 200 -
127.0.0.1 - - [11/Oct/2025 14:47:30] "GET /_static/theme.js?v=D899FB97 HTTP/1.1" 200 -
127.0.0.1 - - [11/Oct/2025 14:47:30] "GET /_static/html4css1.css HTTP/1.1" 200 -
127.0.0.1 - - [11/Oct/2025 14:47:30] "GET /_static/runestone.js?v=7DFA3710 HTTP/1.1" 304 -
127.0.0.1 - - [11/Oct/2025 14:47:30] "GET /_static/runestone-custom-sphinx-bootstrap.css?v=5.3.0 HTTP/1.1" 200 -
127.0.0.1 - - [11/Oct/2025 14:47:30] code 404, message File not found
127.0.0.1 - - [11/Oct/2025 14:47:30] "GET /runestone/static/images/RunestoneBanner%7B%7B=banner_num%7D%7D.png HTTP/1.1" 404 -
127.0.0.1 - - [11/Oct/2025 14:47:30] code 404, message File not found
127.0.0.1 - - [11/Oct/2025 14:47:30] "GET /runestone/static/images/RunestoneBanner%7B%7B=banner_num%7D%7D.png HTTP/1.1" 404 -
127.0.0.1 - - [11/Oct/2025 14:47:30] "GET /_static/img/logo_small.png HTTP/1.1" 200 -
127.0.0.1 - - [11/Oct/2025 14:47:30] code 404, message File not found
127.0.0.1 - - [11/Oct/2025 14:47:30] "GET /%7B%7B%20=request.application%20%7D%7D/static/favicon.ico HTTP/1.1" 404 -
127.0.0.1 - - [11/Oct/2025 14:47:31] code 404, message File not found
127.0.0.1 - - [11/Oct/2025 14:47:31] "GET /runestone/static/images/RunestoneBanner%7B%7B=banner_num%7D%7D.png HTTP/1.1" 404 -
127.0.0.1 - - [11/Oct/2025 14:47:46] "GET /remove_records.html HTTP/1.1" 200 -
127.0.0.1 - - [11/Oct/2025 14:47:46] "GET /_static/basic.css HTTP/1.1" 304 -
127.0.0.1 - - [11/Oct/2025 14:47:46] "GET /_static/pygments.css HTTP/1.1" 304 -
127.0.0.1 - - [11/Oct/2025 14:47:46] "GET /_static/matrixeq.css?v=58BC228F HTTP/1.1" 304 -
127.0.0.1 - - [11/Oct/2025 14:47:46] "GET /_static/webgldemo.css?v=B36B48D HTTP/1.1" 304 -
127.0.0.1 - - [11/Oct/2025 14:47:46] "GET /_static/webglinteractive.css?v=910DF1E1 HTTP/1.1" 304 -
127.0.0.1 - - [11/Oct/2025 14:47:46] "GET /_static/CodeChat.css HTTP/1.1" 304 -
127.0.0.1 - - [11/Oct/2025 14:47:46] "GET /_static/accessibility.css?v=6547A273 HTTP/1.1" 304 -
127.0.0.1 - - [11/Oct/2025 14:47:46] "GET /_static/bootstrap-3.4.1/css/bootstrap.min.css HTTP/1.1" 304 -
127.0.0.1 - - [11/Oct/2025 14:47:46] "GET /_static/presenter_mode.css?v=9FF1320F HTTP/1.1" 304 -
127.0.0.1 - - [11/Oct/2025 14:47:46] "GET /_static/jquery-ui-1.10.3.custom.min.css?v=97E0178A HTTP/1.1" 304 -
127.0.0.1 - - [11/Oct/2025 14:47:46] "GET /_static/bootstrap-sphinx.css HTTP/1.1" 304 -
127.0.0.1 - - [11/Oct/2025 14:47:46] "GET /_static/user-highlights.css?v=A2326E52 HTTP/1.1" 304 -
127.0.0.1 - - [11/Oct/2025 14:47:46] "GET /_static/runestone-custom-sphinx-bootstrap.css?v=5.3.0 HTTP/1.1" 304 -
127.0.0.1 - - [11/Oct/2025 14:47:46] "GET /_static/theme-overrides.css?v=2DAFE138 HTTP/1.1" 304 -
127.0.0.1 - - [11/Oct/2025 14:47:46] "GET /_static/documentation_options.js HTTP/1.1" 304 -
127.0.0.1 - - [11/Oct/2025 14:47:46] "GET /_static/jquery.js HTTP/1.1" 304 -
127.0.0.1 - - [11/Oct/2025 14:47:46] "GET /_static/underscore.js HTTP/1.1" 304 -
127.0.0.1 - - [11/Oct/2025 14:47:46] "GET /_static/doctools.js HTTP/1.1" 304 -
127.0.0.1 - - [11/Oct/2025 14:47:46] "GET /_static/language_data.js HTTP/1.1" 304 -
127.0.0.1 - - [11/Oct/2025 14:47:46] "GET /_static/matrixeq.js?v=D64CFA5A HTTP/1.1" 304 -
127.0.0.1 - - [11/Oct/2025 14:47:46] "GET /_static/webglinteractive.js?v=2B768384 HTTP/1.1" 304 -
127.0.0.1 - - [11/Oct/2025 14:47:46] "GET /_static/FileSaver.min.js?v=8408C997 HTTP/1.1" 304 -
127.0.0.1 - - [11/Oct/2025 14:47:46] "GET /_static/Blob.js?v=AEC2447 HTTP/1.1" 304 -
127.0.0.1 - - [11/Oct/2025 14:47:46] "GET /_static/html4css1.css?v=4533ACD3 HTTP/1.1" 304 -
127.0.0.1 - - [11/Oct/2025 14:47:46] "GET /_static/animationbase.js?v=A043C3A7 HTTP/1.1" 304 -
127.0.0.1 - - [11/Oct/2025 14:47:46] "GET /_static/pytutor-embed.bundle.js?v=268B5C04 HTTP/1.1" 304 -
127.0.0.1 - - [11/Oct/2025 14:47:46] "GET /_static/jquery.highlight.js?v=F1C496C8 HTTP/1.1" 304 -
127.0.0.1 - - [11/Oct/2025 14:47:46] "GET /_static/sql-wasm.js?v=44FE0709 HTTP/1.1" 304 -
127.0.0.1 - - [11/Oct/2025 14:47:46] "GET /_static/runestone.js?v=7DFA3710 HTTP/1.1" 304 -
127.0.0.1 - - [11/Oct/2025 14:47:46] "GET /_static/jquery-ui-1.10.3.custom.min.js?v=2B07FE4F HTTP/1.1" 304 -
127.0.0.1 - - [11/Oct/2025 14:47:46] "GET /_static/bootstrap-3.4.1/js/bootstrap.min.js HTTP/1.1" 304 -
127.0.0.1 - - [11/Oct/2025 14:47:46] "GET /_static/jquery-fix.js?v=1226591B HTTP/1.1" 304 -
127.0.0.1 - - [11/Oct/2025 14:47:46] "GET /_static/bootstrap-sphinx.js HTTP/1.1" 304 -
127.0.0.1 - - [11/Oct/2025 14:47:46] "GET /_static/jquery.idle-timer.js?v=E942DAF1 HTTP/1.1" 304 -
127.0.0.1 - - [11/Oct/2025 14:47:46] "GET /_static/presenter_mode.js?v=2DF16FB4 HTTP/1.1" 304 -
127.0.0.1 - - [11/Oct/2025 14:47:46] "GET /_static/theme.js?v=D899FB97 HTTP/1.1" 304 -
127.0.0.1 - - [11/Oct/2025 14:47:46] code 404, message File not found
127.0.0.1 - - [11/Oct/2025 14:47:46] "GET /runestone/static/images/RunestoneBanner%7B%7B=banner_num%7D%7D.png HTTP/1.1" 404 -
127.0.0.1 - - [11/Oct/2025 14:47:46] "GET /_static/html4css1.css HTTP/1.1" 304 -
127.0.0.1 - - [11/Oct/2025 14:47:46] code 404, message File not found
127.0.0.1 - - [11/Oct/2025 14:47:46] "GET /runestone/static/images/RunestoneBanner%7B%7B=banner_num%7D%7D.png HTTP/1.1" 404 -
127.0.0.1 - - [11/Oct/2025 14:47:46] "GET /_static/img/logo_small.png HTTP/1.1" 304 -
127.0.0.1 - - [11/Oct/2025 14:47:46] code 404, message File not found
127.0.0.1 - - [11/Oct/2025 14:47:46] "GET /runestone/static/images/RunestoneBanner%7B%7B=banner_num%7D%7D.png HTTP/1.1" 404 -
127.0.0.1 - - [11/Oct/2025 14:47:57] "GET /view_records.html HTTP/1.1" 200 -
127.0.0.1 - - [11/Oct/2025 14:47:57] code 404, message File not found
127.0.0.1 - - [11/Oct/2025 14:47:57] "GET /runestone/static/images/RunestoneBanner%7B%7B=banner_num%7D%7D.png HTTP/1.1" 404 -
127.0.0.1 - - [11/Oct/2025 14:47:58] code 404, message File not found
127.0.0.1 - - [11/Oct/2025 14:47:58] "GET /runestone/static/images/RunestoneBanner%7B%7B=banner_num%7D%7D.png HTTP/1.1" 404 -
127.0.0.1 - - [11/Oct/2025 14:47:58] "GET /_static/img/logo_small.png HTTP/1.1" 200 -
----------------------------------------
Exception happened during processing of request from ('127.0.0.1', 62995)
Traceback (most recent call last):
  File "/opt/anaconda3/envs/sql/lib/python3.8/socketserver.py", line 316, in _handle_request_noblock
    self.process_request(request, client_address)
  File "/opt/anaconda3/envs/sql/lib/python3.8/socketserver.py", line 347, in process_request
    self.finish_request(request, client_address)
  File "/opt/anaconda3/envs/sql/lib/python3.8/socketserver.py", line 360, in finish_request
    self.RequestHandlerClass(request, client_address, self)
  File "/opt/anaconda3/envs/sql/lib/python3.8/http/server.py", line 664, in __init__
    super().__init__(*args, **kwargs)
  File "/opt/anaconda3/envs/sql/lib/python3.8/socketserver.py", line 747, in __init__
    self.handle()
  File "/opt/anaconda3/envs/sql/lib/python3.8/http/server.py", line 435, in handle
    self.handle_one_request()
  File "/opt/anaconda3/envs/sql/lib/python3.8/http/server.py", line 423, in handle_one_request
    method()
  File "/opt/anaconda3/envs/sql/lib/python3.8/http/server.py", line 671, in do_GET
    self.copyfile(f, self.wfile)
  File "/opt/anaconda3/envs/sql/lib/python3.8/http/server.py", line 870, in copyfile
    shutil.copyfileobj(source, outputfile)
  File "/opt/anaconda3/envs/sql/lib/python3.8/shutil.py", line 208, in copyfileobj
    fdst_write(buf)
  File "/opt/anaconda3/envs/sql/lib/python3.8/socketserver.py", line 826, in write
    self._sock.sendall(b)
BrokenPipeError: [Errno 32] Broken pipe
----------------------------------------
127.0.0.1 - - [11/Oct/2025 14:47:58] code 404, message File not found
127.0.0.1 - - [11/Oct/2025 14:47:58] "GET /%7B%7B%20=request.application%20%7D%7D/static/favicon.ico HTTP/1.1" 404 -
127.0.0.1 - - [11/Oct/2025 14:47:58] code 404, message File not found
127.0.0.1 - - [11/Oct/2025 14:47:58] "GET /runestone/static/images/RunestoneBanner%7B%7B=banner_num%7D%7D.png HTTP/1.1" 404 -
127.0.0.1 - - [11/Oct/2025 14:48:06] "GET /integrated_2.html HTTP/1.1" 200 -
127.0.0.1 - - [11/Oct/2025 14:48:06] "GET /_static/documentation_options.js HTTP/1.1" 304 -
127.0.0.1 - - [11/Oct/2025 14:48:06] "GET /_static/jquery.js HTTP/1.1" 304 -
127.0.0.1 - - [11/Oct/2025 14:48:06] "GET /_static/underscore.js HTTP/1.1" 304 -
127.0.0.1 - - [11/Oct/2025 14:48:06] "GET /_static/doctools.js HTTP/1.1" 304 -
127.0.0.1 - - [11/Oct/2025 14:48:06] "GET /_static/language_data.js HTTP/1.1" 304 -
127.0.0.1 - - [11/Oct/2025 14:48:06] "GET /_static/matrixeq.js?v=D64CFA5A HTTP/1.1" 304 -
127.0.0.1 - - [11/Oct/2025 14:48:06] "GET /_static/webglinteractive.js?v=2B768384 HTTP/1.1" 304 -
127.0.0.1 - - [11/Oct/2025 14:48:06] "GET /_static/FileSaver.min.js?v=8408C997 HTTP/1.1" 304 -
127.0.0.1 - - [11/Oct/2025 14:48:06] "GET /_static/Blob.js?v=AEC2447 HTTP/1.1" 304 -
127.0.0.1 - - [11/Oct/2025 14:48:06] "GET /_static/html4css1.css?v=4533ACD3 HTTP/1.1" 304 -
127.0.0.1 - - [11/Oct/2025 14:48:06] "GET /_static/animationbase.js?v=A043C3A7 HTTP/1.1" 304 -
127.0.0.1 - - [11/Oct/2025 14:48:06] "GET /_static/pytutor-embed.bundle.js?v=268B5C04 HTTP/1.1" 304 -
127.0.0.1 - - [11/Oct/2025 14:48:06] "GET /_static/jquery.highlight.js?v=F1C496C8 HTTP/1.1" 304 -
127.0.0.1 - - [11/Oct/2025 14:48:06] "GET /_static/sql-wasm.js?v=44FE0709 HTTP/1.1" 304 -
127.0.0.1 - - [11/Oct/2025 14:48:06] "GET /_static/runestone.js?v=7DFA3710 HTTP/1.1" 304 -
127.0.0.1 - - [11/Oct/2025 14:48:06] "GET /_static/jquery-ui-1.10.3.custom.min.js?v=2B07FE4F HTTP/1.1" 304 -
127.0.0.1 - - [11/Oct/2025 14:48:06] "GET /_static/bootstrap-3.4.1/js/bootstrap.min.js HTTP/1.1" 304 -
127.0.0.1 - - [11/Oct/2025 14:48:06] "GET /_static/bootstrap-sphinx.js HTTP/1.1" 304 -
127.0.0.1 - - [11/Oct/2025 14:48:06] "GET /_static/jquery-fix.js?v=1226591B HTTP/1.1" 304 -
127.0.0.1 - - [11/Oct/2025 14:48:06] "GET /_static/presenter_mode.js?v=2DF16FB4 HTTP/1.1" 304 -
127.0.0.1 - - [11/Oct/2025 14:48:06] "GET /_static/jquery.idle-timer.js?v=E942DAF1 HTTP/1.1" 304 -
127.0.0.1 - - [11/Oct/2025 14:48:06] "GET /_static/theme.js?v=D899FB97 HTTP/1.1" 304 -
127.0.0.1 - - [11/Oct/2025 14:48:06] "GET /_static/basic.css HTTP/1.1" 304 -
127.0.0.1 - - [11/Oct/2025 14:48:06] "GET /_static/pygments.css HTTP/1.1" 304 -
127.0.0.1 - - [11/Oct/2025 14:48:06] "GET /_static/matrixeq.css?v=58BC228F HTTP/1.1" 304 -
127.0.0.1 - - [11/Oct/2025 14:48:06] "GET /_static/webglinteractive.css?v=910DF1E1 HTTP/1.1" 304 -
127.0.0.1 - - [11/Oct/2025 14:48:06] "GET /_static/webgldemo.css?v=B36B48D HTTP/1.1" 304 -
127.0.0.1 - - [11/Oct/2025 14:48:06] "GET /_static/CodeChat.css HTTP/1.1" 304 -
127.0.0.1 - - [11/Oct/2025 14:48:06] "GET /_static/accessibility.css?v=6547A273 HTTP/1.1" 304 -
127.0.0.1 - - [11/Oct/2025 14:48:06] "GET /_static/bootstrap-3.4.1/css/bootstrap.min.css HTTP/1.1" 304 -
127.0.0.1 - - [11/Oct/2025 14:48:06] "GET /_static/jquery-ui-1.10.3.custom.min.css?v=97E0178A HTTP/1.1" 304 -
127.0.0.1 - - [11/Oct/2025 14:48:06] "GET /_static/bootstrap-sphinx.css HTTP/1.1" 304 -
127.0.0.1 - - [11/Oct/2025 14:48:06] "GET /_static/user-highlights.css?v=A2326E52 HTTP/1.1" 304 -
127.0.0.1 - - [11/Oct/2025 14:48:06] "GET /_static/runestone-custom-sphinx-bootstrap.css?v=5.3.0 HTTP/1.1" 304 -
127.0.0.1 - - [11/Oct/2025 14:48:06] "GET /_static/theme-overrides.css?v=2DAFE138 HTTP/1.1" 304 -
127.0.0.1 - - [11/Oct/2025 14:48:06] "GET /_static/html4css1.css HTTP/1.1" 200 -
127.0.0.1 - - [11/Oct/2025 14:48:07] "GET /_static/presenter_mode.css?v=9FF1320F HTTP/1.1" 304 -
127.0.0.1 - - [11/Oct/2025 14:48:07] code 404, message File not found
127.0.0.1 - - [11/Oct/2025 14:48:07] "GET /runestone/static/images/RunestoneBanner%7B%7B=banner_num%7D%7D.png HTTP/1.1" 404 -
127.0.0.1 - - [11/Oct/2025 14:48:07] code 404, message File not found
127.0.0.1 - - [11/Oct/2025 14:48:07] "GET /runestone/static/images/RunestoneBanner%7B%7B=banner_num%7D%7D.png HTTP/1.1" 404 -
127.0.0.1 - - [11/Oct/2025 14:48:07] "GET /_static/img/logo_small.png HTTP/1.1" 200 -
127.0.0.1 - - [11/Oct/2025 14:48:07] code 404, message File not found
127.0.0.1 - - [11/Oct/2025 14:48:07] "GET /%7B%7B%20=request.application%20%7D%7D/static/favicon.ico HTTP/1.1" 404 -
127.0.0.1 - - [11/Oct/2025 14:48:07] code 404, message File not found
127.0.0.1 - - [11/Oct/2025 14:48:07] "GET /runestone/static/images/RunestoneBanner%7B%7B=banner_num%7D%7D.png HTTP/1.1" 404 -
127.0.0.1 - - [11/Oct/2025 14:48:16] "GET /update_records_conditionally.html HTTP/1.1" 200 -
127.0.0.1 - - [11/Oct/2025 14:48:16] code 404, message File not found
127.0.0.1 - - [11/Oct/2025 14:48:16] "GET /runestone/static/images/RunestoneBanner%7B%7B=banner_num%7D%7D.png HTTP/1.1" 404 -
127.0.0.1 - - [11/Oct/2025 14:48:16] code 404, message File not found
127.0.0.1 - - [11/Oct/2025 14:48:16] "GET /runestone/static/images/RunestoneBanner%7B%7B=banner_num%7D%7D.png HTTP/1.1" 404 -
127.0.0.1 - - [11/Oct/2025 14:48:16] code 404, message File not found
127.0.0.1 - - [11/Oct/2025 14:48:16] "GET /%7B%7B%20=request.application%20%7D%7D/static/favicon.ico HTTP/1.1" 404 -
127.0.0.1 - - [11/Oct/2025 14:48:17] code 404, message File not found
127.0.0.1 - - [11/Oct/2025 14:48:17] "GET /runestone/static/images/RunestoneBanner%7B%7B=banner_num%7D%7D.png HTTP/1.1" 404 -
127.0.0.1 - - [11/Oct/2025 14:48:25] "GET /order_records.html HTTP/1.1" 200 -
127.0.0.1 - - [11/Oct/2025 14:48:25] "GET /_static/documentation_options.js HTTP/1.1" 304 -
127.0.0.1 - - [11/Oct/2025 14:48:25] "GET /_static/language_data.js HTTP/1.1" 304 -
127.0.0.1 - - [11/Oct/2025 14:48:25] "GET /_static/basic.css HTTP/1.1" 200 -
127.0.0.1 - - [11/Oct/2025 14:48:25] "GET /_static/pygments.css HTTP/1.1" 200 -
127.0.0.1 - - [11/Oct/2025 14:48:25] "GET /_static/bootstrap-sphinx.css HTTP/1.1" 200 -
127.0.0.1 - - [11/Oct/2025 14:48:25] code 404, message File not found
127.0.0.1 - - [11/Oct/2025 14:48:25] "GET /runestone/static/images/RunestoneBanner%7B%7B=banner_num%7D%7D.png HTTP/1.1" 404 -
127.0.0.1 - - [11/Oct/2025 14:48:25] code 404, message File not found
127.0.0.1 - - [11/Oct/2025 14:48:25] "GET /runestone/static/images/RunestoneBanner%7B%7B=banner_num%7D%7D.png HTTP/1.1" 404 -
127.0.0.1 - - [11/Oct/2025 14:48:26] code 404, message File not found
127.0.0.1 - - [11/Oct/2025 14:48:26] "GET /%7B%7B%20=request.application%20%7D%7D/static/favicon.ico HTTP/1.1" 404 -
127.0.0.1 - - [11/Oct/2025 14:48:26] code 404, message File not found
127.0.0.1 - - [11/Oct/2025 14:48:26] "GET /runestone/static/images/RunestoneBanner%7B%7B=banner_num%7D%7D.png HTTP/1.1" 404 -
127.0.0.1 - - [11/Oct/2025 14:48:35] "GET /integrated_4.html HTTP/1.1" 200 -
127.0.0.1 - - [11/Oct/2025 14:48:35] "GET /_static/jquery.js HTTP/1.1" 304 -
127.0.0.1 - - [11/Oct/2025 14:48:35] "GET /_static/underscore.js HTTP/1.1" 304 -
127.0.0.1 - - [11/Oct/2025 14:48:35] "GET /_static/doctools.js HTTP/1.1" 304 -
127.0.0.1 - - [11/Oct/2025 14:48:35] "GET /_static/matrixeq.js?v=D64CFA5A HTTP/1.1" 304 -
127.0.0.1 - - [11/Oct/2025 14:48:35] "GET /_static/webglinteractive.js?v=2B768384 HTTP/1.1" 304 -
127.0.0.1 - - [11/Oct/2025 14:48:35] "GET /_static/FileSaver.min.js?v=8408C997 HTTP/1.1" 304 -
127.0.0.1 - - [11/Oct/2025 14:48:35] "GET /_static/Blob.js?v=AEC2447 HTTP/1.1" 304 -
127.0.0.1 - - [11/Oct/2025 14:48:35] "GET /_static/html4css1.css?v=4533ACD3 HTTP/1.1" 304 -
127.0.0.1 - - [11/Oct/2025 14:48:35] "GET /_static/animationbase.js?v=A043C3A7 HTTP/1.1" 304 -
127.0.0.1 - - [11/Oct/2025 14:48:35] "GET /_static/pytutor-embed.bundle.js?v=268B5C04 HTTP/1.1" 304 -
127.0.0.1 - - [11/Oct/2025 14:48:35] "GET /_static/jquery.highlight.js?v=F1C496C8 HTTP/1.1" 304 -
127.0.0.1 - - [11/Oct/2025 14:48:35] "GET /_static/runestone.js?v=7DFA3710 HTTP/1.1" 304 -
127.0.0.1 - - [11/Oct/2025 14:48:35] "GET /_static/jquery-ui-1.10.3.custom.min.js?v=2B07FE4F HTTP/1.1" 304 -
127.0.0.1 - - [11/Oct/2025 14:48:35] "GET /_static/bootstrap-3.4.1/js/bootstrap.min.js HTTP/1.1" 304 -
127.0.0.1 - - [11/Oct/2025 14:48:35] "GET /_static/jquery-fix.js?v=1226591B HTTP/1.1" 304 -
127.0.0.1 - - [11/Oct/2025 14:48:35] "GET /_static/bootstrap-sphinx.js HTTP/1.1" 304 -
127.0.0.1 - - [11/Oct/2025 14:48:35] "GET /_static/jquery.idle-timer.js?v=E942DAF1 HTTP/1.1" 304 -
127.0.0.1 - - [11/Oct/2025 14:48:35] "GET /_static/presenter_mode.js?v=2DF16FB4 HTTP/1.1" 304 -
127.0.0.1 - - [11/Oct/2025 14:48:35] "GET /_static/theme.js?v=D899FB97 HTTP/1.1" 304 -
127.0.0.1 - - [11/Oct/2025 14:48:35] "GET /_static/matrixeq.css?v=58BC228F HTTP/1.1" 304 -
127.0.0.1 - - [11/Oct/2025 14:48:35] "GET /_static/webgldemo.css?v=B36B48D HTTP/1.1" 304 -
127.0.0.1 - - [11/Oct/2025 14:48:35] "GET /_static/webglinteractive.css?v=910DF1E1 HTTP/1.1" 304 -
127.0.0.1 - - [11/Oct/2025 14:48:35] "GET /_static/CodeChat.css HTTP/1.1" 304 -
127.0.0.1 - - [11/Oct/2025 14:48:35] "GET /_static/accessibility.css?v=6547A273 HTTP/1.1" 304 -
127.0.0.1 - - [11/Oct/2025 14:48:35] "GET /_static/bootstrap-3.4.1/css/bootstrap.min.css HTTP/1.1" 304 -
127.0.0.1 - - [11/Oct/2025 14:48:35] "GET /_static/presenter_mode.css?v=9FF1320F HTTP/1.1" 304 -
127.0.0.1 - - [11/Oct/2025 14:48:35] "GET /_static/jquery-ui-1.10.3.custom.min.css?v=97E0178A HTTP/1.1" 304 -
127.0.0.1 - - [11/Oct/2025 14:48:35] "GET /_static/user-highlights.css?v=A2326E52 HTTP/1.1" 304 -
127.0.0.1 - - [11/Oct/2025 14:48:35] "GET /_static/runestone-custom-sphinx-bootstrap.css?v=5.3.0 HTTP/1.1" 304 -
127.0.0.1 - - [11/Oct/2025 14:48:35] "GET /_static/theme-overrides.css?v=2DAFE138 HTTP/1.1" 304 -
127.0.0.1 - - [11/Oct/2025 14:48:35] "GET /_static/html4css1.css HTTP/1.1" 200 -
127.0.0.1 - - [11/Oct/2025 14:48:35] "GET /_static/sql-wasm.js?v=44FE0709 HTTP/1.1" 304 -
127.0.0.1 - - [11/Oct/2025 14:48:35] code 404, message File not found
127.0.0.1 - - [11/Oct/2025 14:48:35] "GET /runestone/static/images/RunestoneBanner%7B%7B=banner_num%7D%7D.png HTTP/1.1" 404 -
127.0.0.1 - - [11/Oct/2025 14:48:35] code 404, message File not found
127.0.0.1 - - [11/Oct/2025 14:48:35] "GET /runestone/static/images/RunestoneBanner%7B%7B=banner_num%7D%7D.png HTTP/1.1" 404 -
127.0.0.1 - - [11/Oct/2025 14:48:35] "GET /_static/img/logo_small.png HTTP/1.1" 200 -
127.0.0.1 - - [11/Oct/2025 14:48:35] code 404, message File not found
127.0.0.1 - - [11/Oct/2025 14:48:35] "GET /%7B%7B%20=request.application%20%7D%7D/static/favicon.ico HTTP/1.1" 404 -
----------------------------------------
Exception happened during processing of request from ('127.0.0.1', 63102)
Traceback (most recent call last):
  File "/opt/anaconda3/envs/sql/lib/python3.8/http/server.py", line 722, in send_head
    f = open(path, 'rb')
FileNotFoundError: [Errno 2] No such file or directory: '/Users/marailith/VisualStudioCode/research/public-pfp-ebooks/pfp-ebooks-SQL/build/cs102sql/{{ =request.application }}/static/favicon.ico'

During handling of the above exception, another exception occurred:

Traceback (most recent call last):
  File "/opt/anaconda3/envs/sql/lib/python3.8/socketserver.py", line 316, in _handle_request_noblock
    self.process_request(request, client_address)
  File "/opt/anaconda3/envs/sql/lib/python3.8/socketserver.py", line 347, in process_request
    self.finish_request(request, client_address)
  File "/opt/anaconda3/envs/sql/lib/python3.8/socketserver.py", line 360, in finish_request
    self.RequestHandlerClass(request, client_address, self)
  File "/opt/anaconda3/envs/sql/lib/python3.8/http/server.py", line 664, in __init__
    super().__init__(*args, **kwargs)
  File "/opt/anaconda3/envs/sql/lib/python3.8/socketserver.py", line 747, in __init__
    self.handle()
  File "/opt/anaconda3/envs/sql/lib/python3.8/http/server.py", line 435, in handle
    self.handle_one_request()
  File "/opt/anaconda3/envs/sql/lib/python3.8/http/server.py", line 423, in handle_one_request
    method()
  File "/opt/anaconda3/envs/sql/lib/python3.8/http/server.py", line 668, in do_GET
    f = self.send_head()
  File "/opt/anaconda3/envs/sql/lib/python3.8/http/server.py", line 724, in send_head
    self.send_error(HTTPStatus.NOT_FOUND, "File not found")
  File "/opt/anaconda3/envs/sql/lib/python3.8/http/server.py", line 490, in send_error
    self.wfile.write(body)
  File "/opt/anaconda3/envs/sql/lib/python3.8/socketserver.py", line 826, in write
    self._sock.sendall(b)
BrokenPipeError: [Errno 32] Broken pipe
----------------------------------------
127.0.0.1 - - [11/Oct/2025 14:48:36] code 404, message File not found
127.0.0.1 - - [11/Oct/2025 14:48:36] "GET /runestone/static/images/RunestoneBanner%7B%7B=banner_num%7D%7D.png HTTP/1.1" 404 -
127.0.0.1 - - [11/Oct/2025 14:48:46] "GET /add_new_record.html HTTP/1.1" 200 -
127.0.0.1 - - [11/Oct/2025 14:48:46] "GET /_static/documentation_options.js HTTP/1.1" 304 -
127.0.0.1 - - [11/Oct/2025 14:48:46] "GET /_static/language_data.js HTTP/1.1" 304 -
127.0.0.1 - - [11/Oct/2025 14:48:46] "GET /_static/basic.css HTTP/1.1" 200 -
127.0.0.1 - - [11/Oct/2025 14:48:46] "GET /_static/pygments.css HTTP/1.1" 200 -
127.0.0.1 - - [11/Oct/2025 14:48:46] "GET /_static/bootstrap-sphinx.css HTTP/1.1" 200 -
127.0.0.1 - - [11/Oct/2025 14:48:46] code 404, message File not found
127.0.0.1 - - [11/Oct/2025 14:48:46] "GET /runestone/static/images/RunestoneBanner%7B%7B=banner_num%7D%7D.png HTTP/1.1" 404 -
127.0.0.1 - - [11/Oct/2025 14:48:46] code 404, message File not found
127.0.0.1 - - [11/Oct/2025 14:48:46] "GET /runestone/static/images/RunestoneBanner%7B%7B=banner_num%7D%7D.png HTTP/1.1" 404 -
127.0.0.1 - - [11/Oct/2025 14:48:46] code 404, message File not found
127.0.0.1 - - [11/Oct/2025 14:48:46] "GET /%7B%7B%20=request.application%20%7D%7D/static/favicon.ico HTTP/1.1" 404 -
127.0.0.1 - - [11/Oct/2025 14:48:47] code 404, message File not found
127.0.0.1 - - [11/Oct/2025 14:48:47] "GET /runestone/static/images/RunestoneBanner%7B%7B=banner_num%7D%7D.png HTTP/1.1" 404 -
127.0.0.1 - - [11/Oct/2025 14:48:57] "GET /summarize_records.html HTTP/1.1" 200 -
127.0.0.1 - - [11/Oct/2025 14:48:57] code 404, message File not found
127.0.0.1 - - [11/Oct/2025 14:48:57] "GET /runestone/static/images/RunestoneBanner%7B%7B=banner_num%7D%7D.png HTTP/1.1" 404 -
127.0.0.1 - - [11/Oct/2025 14:48:57] code 404, message File not found
127.0.0.1 - - [11/Oct/2025 14:48:57] "GET /runestone/static/images/RunestoneBanner%7B%7B=banner_num%7D%7D.png HTTP/1.1" 404 -
127.0.0.1 - - [11/Oct/2025 14:48:57] code 404, message File not found
127.0.0.1 - - [11/Oct/2025 14:48:57] "GET /%7B%7B%20=request.application%20%7D%7D/static/favicon.ico HTTP/1.1" 404 -
127.0.0.1 - - [11/Oct/2025 14:48:57] code 404, message File not found
127.0.0.1 - - [11/Oct/2025 14:48:57] "GET /runestone/static/images/RunestoneBanner%7B%7B=banner_num%7D%7D.png HTTP/1.1" 404 -
127.0.0.1 - - [11/Oct/2025 14:49:06] "GET /codewriting-1.html HTTP/1.1" 200 -
127.0.0.1 - - [11/Oct/2025 14:49:07] "GET /_static/jquery.js HTTP/1.1" 304 -
127.0.0.1 - - [11/Oct/2025 14:49:07] "GET /_static/underscore.js HTTP/1.1" 304 -
127.0.0.1 - - [11/Oct/2025 14:49:07] "GET /_static/doctools.js HTTP/1.1" 304 -
127.0.0.1 - - [11/Oct/2025 14:49:07] "GET /_static/matrixeq.js?v=D64CFA5A HTTP/1.1" 304 -
127.0.0.1 - - [11/Oct/2025 14:49:07] "GET /_static/webglinteractive.js?v=2B768384 HTTP/1.1" 304 -
127.0.0.1 - - [11/Oct/2025 14:49:07] "GET /_static/FileSaver.min.js?v=8408C997 HTTP/1.1" 304 -
127.0.0.1 - - [11/Oct/2025 14:49:07] "GET /_static/Blob.js?v=AEC2447 HTTP/1.1" 304 -
127.0.0.1 - - [11/Oct/2025 14:49:07] "GET /_static/html4css1.css?v=4533ACD3 HTTP/1.1" 304 -
127.0.0.1 - - [11/Oct/2025 14:49:07] "GET /_static/animationbase.js?v=A043C3A7 HTTP/1.1" 304 -
127.0.0.1 - - [11/Oct/2025 14:49:07] "GET /_static/jquery.highlight.js?v=F1C496C8 HTTP/1.1" 304 -
127.0.0.1 - - [11/Oct/2025 14:49:07] "GET /_static/sql-wasm.js?v=44FE0709 HTTP/1.1" 304 -
127.0.0.1 - - [11/Oct/2025 14:49:07] "GET /_static/runestone.js?v=7DFA3710 HTTP/1.1" 304 -
127.0.0.1 - - [11/Oct/2025 14:49:07] "GET /_static/jquery-ui-1.10.3.custom.min.js?v=2B07FE4F HTTP/1.1" 304 -
127.0.0.1 - - [11/Oct/2025 14:49:07] "GET /_static/bootstrap-3.4.1/js/bootstrap.min.js HTTP/1.1" 304 -
127.0.0.1 - - [11/Oct/2025 14:49:07] "GET /_static/jquery-fix.js?v=1226591B HTTP/1.1" 304 -
127.0.0.1 - - [11/Oct/2025 14:49:07] "GET /_static/bootstrap-sphinx.js HTTP/1.1" 304 -
127.0.0.1 - - [11/Oct/2025 14:49:07] "GET /_static/jquery.idle-timer.js?v=E942DAF1 HTTP/1.1" 304 -
127.0.0.1 - - [11/Oct/2025 14:49:07] "GET /_static/presenter_mode.js?v=2DF16FB4 HTTP/1.1" 304 -
127.0.0.1 - - [11/Oct/2025 14:49:07] "GET /_static/theme.js?v=D899FB97 HTTP/1.1" 304 -
127.0.0.1 - - [11/Oct/2025 14:49:07] "GET /_static/matrixeq.css?v=58BC228F HTTP/1.1" 200 -
127.0.0.1 - - [11/Oct/2025 14:49:07] "GET /_static/webgldemo.css?v=B36B48D HTTP/1.1" 200 -
127.0.0.1 - - [11/Oct/2025 14:49:07] "GET /_static/webglinteractive.css?v=910DF1E1 HTTP/1.1" 200 -
127.0.0.1 - - [11/Oct/2025 14:49:07] "GET /_static/CodeChat.css HTTP/1.1" 200 -
127.0.0.1 - - [11/Oct/2025 14:49:07] "GET /_static/accessibility.css?v=6547A273 HTTP/1.1" 200 -
127.0.0.1 - - [11/Oct/2025 14:49:07] "GET /_static/bootstrap-3.4.1/css/bootstrap.min.css HTTP/1.1" 200 -
127.0.0.1 - - [11/Oct/2025 14:49:07] "GET /_static/presenter_mode.css?v=9FF1320F HTTP/1.1" 200 -
127.0.0.1 - - [11/Oct/2025 14:49:07] "GET /_static/jquery-ui-1.10.3.custom.min.css?v=97E0178A HTTP/1.1" 200 -
127.0.0.1 - - [11/Oct/2025 14:49:07] "GET /_static/user-highlights.css?v=A2326E52 HTTP/1.1" 200 -
127.0.0.1 - - [11/Oct/2025 14:49:07] "GET /_static/runestone-custom-sphinx-bootstrap.css?v=5.3.0 HTTP/1.1" 200 -
127.0.0.1 - - [11/Oct/2025 14:49:07] "GET /_static/theme-overrides.css?v=2DAFE138 HTTP/1.1" 200 -
127.0.0.1 - - [11/Oct/2025 14:49:07] "GET /_static/html4css1.css HTTP/1.1" 200 -
127.0.0.1 - - [11/Oct/2025 14:49:07] "GET /_static/pytutor-embed.bundle.js?v=268B5C04 HTTP/1.1" 304 -
127.0.0.1 - - [11/Oct/2025 14:49:07] code 404, message File not found
127.0.0.1 - - [11/Oct/2025 14:49:07] "GET /runestone/static/images/RunestoneBanner%7B%7B=banner_num%7D%7D.png HTTP/1.1" 404 -
127.0.0.1 - - [11/Oct/2025 14:49:07] code 404, message File not found
127.0.0.1 - - [11/Oct/2025 14:49:07] "GET /runestone/static/images/RunestoneBanner%7B%7B=banner_num%7D%7D.png HTTP/1.1" 404 -
127.0.0.1 - - [11/Oct/2025 14:49:07] "GET /_static/img/logo_small.png HTTP/1.1" 200 -
127.0.0.1 - - [11/Oct/2025 14:49:07] code 404, message File not found
127.0.0.1 - - [11/Oct/2025 14:49:07] "GET /runestone/static/images/RunestoneBanner%7B%7B=banner_num%7D%7D.png HTTP/1.1" 404 -
127.0.0.1 - - [11/Oct/2025 14:49:16] "GET /codereading-1.html HTTP/1.1" 200 -
127.0.0.1 - - [11/Oct/2025 14:49:16] "GET /_static/documentation_options.js HTTP/1.1" 304 -
127.0.0.1 - - [11/Oct/2025 14:49:16] "GET /_static/language_data.js HTTP/1.1" 304 -
127.0.0.1 - - [11/Oct/2025 14:49:16] "GET /_static/basic.css HTTP/1.1" 304 -
127.0.0.1 - - [11/Oct/2025 14:49:16] "GET /_static/pygments.css HTTP/1.1" 304 -
127.0.0.1 - - [11/Oct/2025 14:49:16] "GET /_static/bootstrap-sphinx.css HTTP/1.1" 304 -
127.0.0.1 - - [11/Oct/2025 14:49:16] code 404, message File not found
127.0.0.1 - - [11/Oct/2025 14:49:16] "GET /runestone/static/images/RunestoneBanner%7B%7B=banner_num%7D%7D.png HTTP/1.1" 404 -
127.0.0.1 - - [11/Oct/2025 14:49:16] code 404, message File not found
127.0.0.1 - - [11/Oct/2025 14:49:16] "GET /runestone/static/images/RunestoneBanner%7B%7B=banner_num%7D%7D.png HTTP/1.1" 404 -
127.0.0.1 - - [11/Oct/2025 14:49:16] code 404, message File not found
127.0.0.1 - - [11/Oct/2025 14:49:16] "GET /%7B%7B%20=request.application%20%7D%7D/static/favicon.ico HTTP/1.1" 404 -
127.0.0.1 - - [11/Oct/2025 14:49:17] code 404, message File not found
127.0.0.1 - - [11/Oct/2025 14:49:17] "GET /runestone/static/images/RunestoneBanner%7B%7B=banner_num%7D%7D.png HTTP/1.1" 404 -
127.0.0.1 - - [11/Oct/2025 14:49:43] "GET /end_here_comparison.html HTTP/1.1" 200 -
127.0.0.1 - - [11/Oct/2025 14:49:43] "GET /_static/documentation_options.js HTTP/1.1" 304 -
127.0.0.1 - - [11/Oct/2025 14:49:43] "GET /_static/jquery.js HTTP/1.1" 304 -
127.0.0.1 - - [11/Oct/2025 14:49:43] "GET /_static/underscore.js HTTP/1.1" 304 -
127.0.0.1 - - [11/Oct/2025 14:49:43] "GET /_static/doctools.js HTTP/1.1" 304 -
127.0.0.1 - - [11/Oct/2025 14:49:43] "GET /_static/language_data.js HTTP/1.1" 304 -
127.0.0.1 - - [11/Oct/2025 14:49:43] "GET /_static/matrixeq.js?v=D64CFA5A HTTP/1.1" 304 -
127.0.0.1 - - [11/Oct/2025 14:49:43] "GET /_static/webglinteractive.js?v=2B768384 HTTP/1.1" 304 -
127.0.0.1 - - [11/Oct/2025 14:49:43] "GET /_static/FileSaver.min.js?v=8408C997 HTTP/1.1" 304 -
127.0.0.1 - - [11/Oct/2025 14:49:43] "GET /_static/Blob.js?v=AEC2447 HTTP/1.1" 304 -
127.0.0.1 - - [11/Oct/2025 14:49:43] "GET /_static/html4css1.css?v=4533ACD3 HTTP/1.1" 304 -
127.0.0.1 - - [11/Oct/2025 14:49:43] "GET /_static/animationbase.js?v=A043C3A7 HTTP/1.1" 304 -
127.0.0.1 - - [11/Oct/2025 14:49:43] "GET /_static/pytutor-embed.bundle.js?v=268B5C04 HTTP/1.1" 304 -
127.0.0.1 - - [11/Oct/2025 14:49:43] "GET /_static/jquery.highlight.js?v=F1C496C8 HTTP/1.1" 304 -
127.0.0.1 - - [11/Oct/2025 14:49:43] "GET /_static/sql-wasm.js?v=44FE0709 HTTP/1.1" 304 -
127.0.0.1 - - [11/Oct/2025 14:49:43] "GET /_static/runestone.js?v=7DFA3710 HTTP/1.1" 304 -
127.0.0.1 - - [11/Oct/2025 14:49:43] "GET /_static/jquery-ui-1.10.3.custom.min.js?v=2B07FE4F HTTP/1.1" 304 -
127.0.0.1 - - [11/Oct/2025 14:49:43] "GET /_static/bootstrap-3.4.1/js/bootstrap.min.js HTTP/1.1" 304 -
127.0.0.1 - - [11/Oct/2025 14:49:43] "GET /_static/bootstrap-sphinx.js HTTP/1.1" 304 -
127.0.0.1 - - [11/Oct/2025 14:49:43] "GET /_static/jquery.idle-timer.js?v=E942DAF1 HTTP/1.1" 304 -
127.0.0.1 - - [11/Oct/2025 14:49:43] "GET /_static/presenter_mode.js?v=2DF16FB4 HTTP/1.1" 304 -
127.0.0.1 - - [11/Oct/2025 14:49:43] "GET /_static/theme.js?v=D899FB97 HTTP/1.1" 304 -
127.0.0.1 - - [11/Oct/2025 14:49:43] "GET /_static/basic.css HTTP/1.1" 200 -
127.0.0.1 - - [11/Oct/2025 14:49:43] "GET /_static/pygments.css HTTP/1.1" 200 -
127.0.0.1 - - [11/Oct/2025 14:49:43] "GET /_static/matrixeq.css?v=58BC228F HTTP/1.1" 200 -
127.0.0.1 - - [11/Oct/2025 14:49:43] "GET /_static/webgldemo.css?v=B36B48D HTTP/1.1" 200 -
127.0.0.1 - - [11/Oct/2025 14:49:43] "GET /_static/webglinteractive.css?v=910DF1E1 HTTP/1.1" 200 -
127.0.0.1 - - [11/Oct/2025 14:49:43] "GET /_static/CodeChat.css HTTP/1.1" 200 -
127.0.0.1 - - [11/Oct/2025 14:49:43] "GET /_static/accessibility.css?v=6547A273 HTTP/1.1" 200 -
127.0.0.1 - - [11/Oct/2025 14:49:43] "GET /_static/bootstrap-3.4.1/css/bootstrap.min.css HTTP/1.1" 200 -
127.0.0.1 - - [11/Oct/2025 14:49:43] "GET /_static/presenter_mode.css?v=9FF1320F HTTP/1.1" 200 -
127.0.0.1 - - [11/Oct/2025 14:49:43] "GET /_static/jquery-ui-1.10.3.custom.min.css?v=97E0178A HTTP/1.1" 200 -
127.0.0.1 - - [11/Oct/2025 14:49:43] "GET /_static/bootstrap-sphinx.css HTTP/1.1" 200 -
127.0.0.1 - - [11/Oct/2025 14:49:43] "GET /_static/user-highlights.css?v=A2326E52 HTTP/1.1" 200 -
127.0.0.1 - - [11/Oct/2025 14:49:43] "GET /_static/runestone-custom-sphinx-bootstrap.css?v=5.3.0 HTTP/1.1" 200 -
127.0.0.1 - - [11/Oct/2025 14:49:43] "GET /_static/theme-overrides.css?v=2DAFE138 HTTP/1.1" 200 -
127.0.0.1 - - [11/Oct/2025 14:49:43] "GET /_static/html4css1.css HTTP/1.1" 200 -
127.0.0.1 - - [11/Oct/2025 14:49:43] "GET /_static/jquery-fix.js?v=1226591B HTTP/1.1" 304 -
127.0.0.1 - - [11/Oct/2025 14:49:43] code 404, message File not found
127.0.0.1 - - [11/Oct/2025 14:49:43] "GET /runestone/static/images/RunestoneBanner%7B%7B=banner_num%7D%7D.png HTTP/1.1" 404 -
127.0.0.1 - - [11/Oct/2025 14:49:43] code 404, message File not found
127.0.0.1 - - [11/Oct/2025 14:49:43] "GET /runestone/static/images/RunestoneBanner%7B%7B=banner_num%7D%7D.png HTTP/1.1" 404 -
127.0.0.1 - - [11/Oct/2025 14:49:43] "GET /_static/img/logo_small.png HTTP/1.1" 200 -
127.0.0.1 - - [11/Oct/2025 14:49:43] code 404, message File not found
127.0.0.1 - - [11/Oct/2025 14:49:43] "GET /%7B%7B%20=request.application%20%7D%7D/static/favicon.ico HTTP/1.1" 404 -
127.0.0.1 - - [11/Oct/2025 14:49:50] code 404, message File not found
127.0.0.1 - - [11/Oct/2025 14:49:50] "GET /runestone/static/images/RunestoneBanner%7B%7B=banner_num%7D%7D.png HTTP/1.1" 404 -
127.0.0.1 - - [11/Oct/2025 14:49:59] "GET /end_here_usability.html HTTP/1.1" 200 -
127.0.0.1 - - [11/Oct/2025 14:49:59] code 404, message File not found
127.0.0.1 - - [11/Oct/2025 14:49:59] "GET /runestone/static/images/RunestoneBanner%7B%7B=banner_num%7D%7D.png HTTP/1.1" 404 -
127.0.0.1 - - [11/Oct/2025 14:49:59] code 404, message File not found
127.0.0.1 - - [11/Oct/2025 14:49:59] "GET /runestone/static/images/RunestoneBanner%7B%7B=banner_num%7D%7D.png HTTP/1.1" 404 -
127.0.0.1 - - [11/Oct/2025 14:49:59] code 404, message File not found
127.0.0.1 - - [11/Oct/2025 14:49:59] "GET /%7B%7B%20=request.application%20%7D%7D/static/favicon.ico HTTP/1.1" 404 -
127.0.0.1 - - [11/Oct/2025 14:50:00] code 404, message File not found
127.0.0.1 - - [11/Oct/2025 14:50:00] "GET /runestone/static/images/RunestoneBanner%7B%7B=banner_num%7D%7D.png HTTP/1.1" 404 -
127.0.0.1 - - [11/Oct/2025 14:50:14] "GET /end_here_comparison.html HTTP/1.1" 200 -
127.0.0.1 - - [11/Oct/2025 14:50:14] "GET /_static/basic.css HTTP/1.1" 304 -
127.0.0.1 - - [11/Oct/2025 14:50:14] "GET /_static/pygments.css HTTP/1.1" 304 -
127.0.0.1 - - [11/Oct/2025 14:50:14] "GET /_static/matrixeq.css?v=58BC228F HTTP/1.1" 304 -
127.0.0.1 - - [11/Oct/2025 14:50:14] "GET /_static/webgldemo.css?v=B36B48D HTTP/1.1" 304 -
127.0.0.1 - - [11/Oct/2025 14:50:14] "GET /_static/webglinteractive.css?v=910DF1E1 HTTP/1.1" 304 -
127.0.0.1 - - [11/Oct/2025 14:50:14] "GET /_static/CodeChat.css HTTP/1.1" 304 -
127.0.0.1 - - [11/Oct/2025 14:50:14] "GET /_static/accessibility.css?v=6547A273 HTTP/1.1" 304 -
127.0.0.1 - - [11/Oct/2025 14:50:14] "GET /_static/bootstrap-3.4.1/css/bootstrap.min.css HTTP/1.1" 304 -
127.0.0.1 - - [11/Oct/2025 14:50:14] "GET /_static/presenter_mode.css?v=9FF1320F HTTP/1.1" 304 -
127.0.0.1 - - [11/Oct/2025 14:50:14] "GET /_static/jquery-ui-1.10.3.custom.min.css?v=97E0178A HTTP/1.1" 304 -
127.0.0.1 - - [11/Oct/2025 14:50:14] "GET /_static/bootstrap-sphinx.css HTTP/1.1" 304 -
127.0.0.1 - - [11/Oct/2025 14:50:14] "GET /_static/user-highlights.css?v=A2326E52 HTTP/1.1" 304 -
127.0.0.1 - - [11/Oct/2025 14:50:14] "GET /_static/runestone-custom-sphinx-bootstrap.css?v=5.3.0 HTTP/1.1" 304 -
127.0.0.1 - - [11/Oct/2025 14:50:14] "GET /_static/theme-overrides.css?v=2DAFE138 HTTP/1.1" 304 -
127.0.0.1 - - [11/Oct/2025 14:50:14] "GET /_static/jquery-fix.js?v=1226591B HTTP/1.1" 200 -
127.0.0.1 - - [11/Oct/2025 14:50:14] "GET /_static/theme.js?v=D899FB97 HTTP/1.1" 200 -
127.0.0.1 - - [11/Oct/2025 14:50:14] "GET /_static/documentation_options.js HTTP/1.1" 304 -
127.0.0.1 - - [11/Oct/2025 14:50:14] "GET /_static/jquery.js HTTP/1.1" 304 -
127.0.0.1 - - [11/Oct/2025 14:50:14] "GET /_static/underscore.js HTTP/1.1" 304 -
127.0.0.1 - - [11/Oct/2025 14:50:14] "GET /_static/doctools.js HTTP/1.1" 304 -
127.0.0.1 - - [11/Oct/2025 14:50:14] "GET /_static/language_data.js HTTP/1.1" 304 -
127.0.0.1 - - [11/Oct/2025 14:50:14] "GET /_static/matrixeq.js?v=D64CFA5A HTTP/1.1" 304 -
127.0.0.1 - - [11/Oct/2025 14:50:14] "GET /_static/webglinteractive.js?v=2B768384 HTTP/1.1" 304 -
127.0.0.1 - - [11/Oct/2025 14:50:14] "GET /_static/FileSaver.min.js?v=8408C997 HTTP/1.1" 304 -
127.0.0.1 - - [11/Oct/2025 14:50:14] "GET /_static/Blob.js?v=AEC2447 HTTP/1.1" 304 -
127.0.0.1 - - [11/Oct/2025 14:50:14] "GET /_static/html4css1.css?v=4533ACD3 HTTP/1.1" 304 -
127.0.0.1 - - [11/Oct/2025 14:50:14] "GET /_static/animationbase.js?v=A043C3A7 HTTP/1.1" 304 -
127.0.0.1 - - [11/Oct/2025 14:50:14] "GET /_static/pytutor-embed.bundle.js?v=268B5C04 HTTP/1.1" 304 -
127.0.0.1 - - [11/Oct/2025 14:50:14] "GET /_static/jquery.highlight.js?v=F1C496C8 HTTP/1.1" 304 -
127.0.0.1 - - [11/Oct/2025 14:50:14] "GET /_static/sql-wasm.js?v=44FE0709 HTTP/1.1" 304 -
127.0.0.1 - - [11/Oct/2025 14:50:14] "GET /_static/runestone.js?v=7DFA3710 HTTP/1.1" 304 -
127.0.0.1 - - [11/Oct/2025 14:50:14] "GET /_static/jquery-ui-1.10.3.custom.min.js?v=2B07FE4F HTTP/1.1" 304 -
127.0.0.1 - - [11/Oct/2025 14:50:14] "GET /_static/bootstrap-3.4.1/js/bootstrap.min.js HTTP/1.1" 304 -
127.0.0.1 - - [11/Oct/2025 14:50:14] "GET /_static/bootstrap-sphinx.js HTTP/1.1" 304 -
127.0.0.1 - - [11/Oct/2025 14:50:14] "GET /_static/jquery.idle-timer.js?v=E942DAF1 HTTP/1.1" 304 -
127.0.0.1 - - [11/Oct/2025 14:50:14] "GET /_static/presenter_mode.js?v=2DF16FB4 HTTP/1.1" 304 -
127.0.0.1 - - [11/Oct/2025 14:50:14] code 404, message File not found
127.0.0.1 - - [11/Oct/2025 14:50:14] "GET /runestone/static/images/RunestoneBanner%7B%7B=banner_num%7D%7D.png HTTP/1.1" 404 -
127.0.0.1 - - [11/Oct/2025 14:50:14] "GET /_static/html4css1.css HTTP/1.1" 200 -
127.0.0.1 - - [11/Oct/2025 14:50:14] code 404, message File not found
127.0.0.1 - - [11/Oct/2025 14:50:14] "GET /runestone/static/images/RunestoneBanner%7B%7B=banner_num%7D%7D.png HTTP/1.1" 404 -
127.0.0.1 - - [11/Oct/2025 14:50:14] "GET /_static/img/logo_small.png HTTP/1.1" 200 -
127.0.0.1 - - [11/Oct/2025 14:50:14] code 404, message File not found
127.0.0.1 - - [11/Oct/2025 14:50:14] "GET /%7B%7B%20=request.application%20%7D%7D/static/favicon.ico HTTP/1.1" 404 -
127.0.0.1 - - [11/Oct/2025 14:50:16] "GET /index.html HTTP/1.1" 200 -
127.0.0.1 - - [11/Oct/2025 14:50:16] code 404, message File not found
127.0.0.1 - - [11/Oct/2025 14:50:16] "GET /runestone/static/images/RunestoneBanner%7B%7B=banner_num%7D%7D.png HTTP/1.1" 404 -
127.0.0.1 - - [11/Oct/2025 14:50:16] code 404, message File not found
127.0.0.1 - - [11/Oct/2025 14:50:16] "GET /runestone/static/images/RunestoneBanner%7B%7B=banner_num%7D%7D.png HTTP/1.1" 404 -
127.0.0.1 - - [11/Oct/2025 14:50:18] "GET /view_records.html HTTP/1.1" 304 -
127.0.0.1 - - [11/Oct/2025 14:50:18] code 404, message File not found
127.0.0.1 - - [11/Oct/2025 14:50:18] "GET /runestone/static/images/RunestoneBanner%7B%7B=banner_num%7D%7D.png HTTP/1.1" 404 -
127.0.0.1 - - [11/Oct/2025 14:50:18] code 404, message File not found
127.0.0.1 - - [11/Oct/2025 14:50:18] "GET /runestone/static/images/RunestoneBanner%7B%7B=banner_num%7D%7D.png HTTP/1.1" 404 -

Aborted!
127.0.0.1 - - [11/Oct/2025 14:51:11] "GET / HTTP/1.1" 200 -
127.0.0.1 - - [11/Oct/2025 14:51:11] "GET /_static/documentation_options.js HTTP/1.1" 200 -
127.0.0.1 - - [11/Oct/2025 14:51:11] "GET /_static/jquery.js HTTP/1.1" 304 -
127.0.0.1 - - [11/Oct/2025 14:51:11] "GET /_static/underscore.js HTTP/1.1" 304 -
127.0.0.1 - - [11/Oct/2025 14:51:11] "GET /_static/doctools.js HTTP/1.1" 304 -
127.0.0.1 - - [11/Oct/2025 14:51:11] "GET /_static/language_data.js HTTP/1.1" 200 -
127.0.0.1 - - [11/Oct/2025 14:51:11] "GET /_static/matrixeq.js?v=D64CFA5A HTTP/1.1" 304 -
127.0.0.1 - - [11/Oct/2025 14:51:11] "GET /_static/webglinteractive.js?v=2B768384 HTTP/1.1" 304 -
127.0.0.1 - - [11/Oct/2025 14:51:11] "GET /_static/FileSaver.min.js?v=8408C997 HTTP/1.1" 304 -
127.0.0.1 - - [11/Oct/2025 14:51:11] "GET /_static/Blob.js?v=AEC2447 HTTP/1.1" 304 -
127.0.0.1 - - [11/Oct/2025 14:51:11] "GET /_static/html4css1.css?v=4533ACD3 HTTP/1.1" 304 -
127.0.0.1 - - [11/Oct/2025 14:51:11] "GET /_static/animationbase.js?v=A043C3A7 HTTP/1.1" 304 -
127.0.0.1 - - [11/Oct/2025 14:51:11] "GET /_static/pytutor-embed.bundle.js?v=268B5C04 HTTP/1.1" 304 -
127.0.0.1 - - [11/Oct/2025 14:51:11] "GET /_static/jquery.highlight.js?v=F1C496C8 HTTP/1.1" 304 -
127.0.0.1 - - [11/Oct/2025 14:51:11] "GET /_static/sql-wasm.js?v=44FE0709 HTTP/1.1" 304 -
127.0.0.1 - - [11/Oct/2025 14:51:11] "GET /_static/runestone.js?v=7DFA3710 HTTP/1.1" 304 -
127.0.0.1 - - [11/Oct/2025 14:51:11] "GET /_static/jquery-ui-1.10.3.custom.min.js?v=2B07FE4F HTTP/1.1" 304 -
127.0.0.1 - - [11/Oct/2025 14:51:11] "GET /_static/bootstrap-3.4.1/js/bootstrap.min.js HTTP/1.1" 304 -
127.0.0.1 - - [11/Oct/2025 14:51:11] "GET /_static/jquery-fix.js?v=1226591B HTTP/1.1" 304 -
127.0.0.1 - - [11/Oct/2025 14:51:11] "GET /_static/bootstrap-sphinx.js HTTP/1.1" 304 -
127.0.0.1 - - [11/Oct/2025 14:51:11] "GET /_static/jquery.idle-timer.js?v=E942DAF1 HTTP/1.1" 304 -
127.0.0.1 - - [11/Oct/2025 14:51:11] "GET /_static/presenter_mode.js?v=2DF16FB4 HTTP/1.1" 304 -
127.0.0.1 - - [11/Oct/2025 14:51:11] "GET /_static/basic.css HTTP/1.1" 200 -
127.0.0.1 - - [11/Oct/2025 14:51:11] "GET /_static/theme.js?v=D899FB97 HTTP/1.1" 304 -
127.0.0.1 - - [11/Oct/2025 14:51:11] "GET /_static/pygments.css HTTP/1.1" 200 -
127.0.0.1 - - [11/Oct/2025 14:51:11] "GET /_static/matrixeq.css?v=58BC228F HTTP/1.1" 304 -
127.0.0.1 - - [11/Oct/2025 14:51:11] "GET /_static/webgldemo.css?v=B36B48D HTTP/1.1" 304 -
127.0.0.1 - - [11/Oct/2025 14:51:11] "GET /_static/webglinteractive.css?v=910DF1E1 HTTP/1.1" 304 -
127.0.0.1 - - [11/Oct/2025 14:51:11] "GET /_static/CodeChat.css HTTP/1.1" 304 -
127.0.0.1 - - [11/Oct/2025 14:51:11] "GET /_static/accessibility.css?v=6547A273 HTTP/1.1" 304 -
127.0.0.1 - - [11/Oct/2025 14:51:11] "GET /_static/bootstrap-3.4.1/css/bootstrap.min.css HTTP/1.1" 304 -
127.0.0.1 - - [11/Oct/2025 14:51:11] "GET /_static/presenter_mode.css?v=9FF1320F HTTP/1.1" 304 -
127.0.0.1 - - [11/Oct/2025 14:51:11] "GET /_static/jquery-ui-1.10.3.custom.min.css?v=97E0178A HTTP/1.1" 304 -
127.0.0.1 - - [11/Oct/2025 14:51:11] "GET /_static/bootstrap-sphinx.css HTTP/1.1" 200 -
127.0.0.1 - - [11/Oct/2025 14:51:11] "GET /_static/user-highlights.css?v=A2326E52 HTTP/1.1" 304 -
127.0.0.1 - - [11/Oct/2025 14:51:11] "GET /_static/runestone-custom-sphinx-bootstrap.css?v=5.3.0 HTTP/1.1" 304 -
127.0.0.1 - - [11/Oct/2025 14:51:11] "GET /_static/theme-overrides.css?v=2DAFE138 HTTP/1.1" 304 -
127.0.0.1 - - [11/Oct/2025 14:51:11] code 404, message File not found
127.0.0.1 - - [11/Oct/2025 14:51:11] "GET /runestone/static/images/RunestoneBanner%7B%7B=banner_num%7D%7D.png HTTP/1.1" 404 -
127.0.0.1 - - [11/Oct/2025 14:51:11] "GET /_static/html4css1.css HTTP/1.1" 200 -
127.0.0.1 - - [11/Oct/2025 14:51:12] code 404, message File not found
127.0.0.1 - - [11/Oct/2025 14:51:12] "GET /runestone/static/images/RunestoneBanner%7B%7B=banner_num%7D%7D.png HTTP/1.1" 404 -
127.0.0.1 - - [11/Oct/2025 14:51:12] "GET /_static/img/logo_small.png HTTP/1.1" 200 -
127.0.0.1 - - [11/Oct/2025 14:51:12] code 404, message File not found
127.0.0.1 - - [11/Oct/2025 14:51:12] "GET /%7B%7B%20=request.application%20%7D%7D/static/favicon.ico HTTP/1.1" 404 -
127.0.0.1 - - [11/Oct/2025 14:51:17] "GET / HTTP/1.1" 304 -
127.0.0.1 - - [11/Oct/2025 14:51:17] "GET /_static/documentation_options.js HTTP/1.1" 304 -
127.0.0.1 - - [11/Oct/2025 14:51:17] "GET /_static/language_data.js HTTP/1.1" 304 -
127.0.0.1 - - [11/Oct/2025 14:51:17] "GET /_static/basic.css HTTP/1.1" 304 -
127.0.0.1 - - [11/Oct/2025 14:51:17] "GET /_static/pygments.css HTTP/1.1" 304 -
127.0.0.1 - - [11/Oct/2025 14:51:17] "GET /_static/bootstrap-sphinx.css HTTP/1.1" 304 -
127.0.0.1 - - [11/Oct/2025 14:51:17] code 404, message File not found
127.0.0.1 - - [11/Oct/2025 14:51:17] "GET /runestone/static/images/RunestoneBanner%7B%7B=banner_num%7D%7D.png HTTP/1.1" 404 -
127.0.0.1 - - [11/Oct/2025 14:51:17] code 404, message File not found
127.0.0.1 - - [11/Oct/2025 14:51:17] "GET /runestone/static/images/RunestoneBanner%7B%7B=banner_num%7D%7D.png HTTP/1.1" 404 -
127.0.0.1 - - [11/Oct/2025 14:51:17] code 404, message File not found
127.0.0.1 - - [11/Oct/2025 14:51:17] "GET /%7B%7B%20=request.application%20%7D%7D/static/favicon.ico HTTP/1.1" 404 -
----------------------------------------
Exception happened during processing of request from ('127.0.0.1', 63376)
Traceback (most recent call last):
  File "/opt/anaconda3/envs/api/lib/python3.8/http/server.py", line 722, in send_head
    f = open(path, 'rb')
FileNotFoundError: [Errno 2] No such file or directory: '/Users/marailith/VisualStudioCode/research/public-pfp-ebooks/pfp-ebooks-SQL/build/cs102sql/{{ =request.application }}/static/favicon.ico'

During handling of the above exception, another exception occurred:

Traceback (most recent call last):
  File "/opt/anaconda3/envs/api/lib/python3.8/socketserver.py", line 316, in _handle_request_noblock
    self.process_request(request, client_address)
  File "/opt/anaconda3/envs/api/lib/python3.8/socketserver.py", line 347, in process_request
    self.finish_request(request, client_address)
  File "/opt/anaconda3/envs/api/lib/python3.8/socketserver.py", line 360, in finish_request
    self.RequestHandlerClass(request, client_address, self)
  File "/opt/anaconda3/envs/api/lib/python3.8/http/server.py", line 664, in __init__
    super().__init__(*args, **kwargs)
  File "/opt/anaconda3/envs/api/lib/python3.8/socketserver.py", line 747, in __init__
    self.handle()
  File "/opt/anaconda3/envs/api/lib/python3.8/http/server.py", line 435, in handle
    self.handle_one_request()
  File "/opt/anaconda3/envs/api/lib/python3.8/http/server.py", line 423, in handle_one_request
    method()
  File "/opt/anaconda3/envs/api/lib/python3.8/http/server.py", line 668, in do_GET
    f = self.send_head()
  File "/opt/anaconda3/envs/api/lib/python3.8/http/server.py", line 724, in send_head
    self.send_error(HTTPStatus.NOT_FOUND, "File not found")
  File "/opt/anaconda3/envs/api/lib/python3.8/http/server.py", line 490, in send_error
    self.wfile.write(body)
  File "/opt/anaconda3/envs/api/lib/python3.8/socketserver.py", line 826, in write
    self._sock.sendall(b)
BrokenPipeError: [Errno 32] Broken pipe
----------------------------------------
127.0.0.1 - - [11/Oct/2025 14:51:19] "GET / HTTP/1.1" 304 -
127.0.0.1 - - [11/Oct/2025 14:51:19] "GET /_static/documentation_options.js HTTP/1.1" 304 -
127.0.0.1 - - [11/Oct/2025 14:51:19] "GET /_static/language_data.js HTTP/1.1" 304 -
127.0.0.1 - - [11/Oct/2025 14:51:19] "GET /_static/basic.css HTTP/1.1" 304 -
127.0.0.1 - - [11/Oct/2025 14:51:19] "GET /_static/pygments.css HTTP/1.1" 304 -
127.0.0.1 - - [11/Oct/2025 14:51:19] "GET /_static/bootstrap-sphinx.css HTTP/1.1" 304 -
127.0.0.1 - - [11/Oct/2025 14:51:19] code 404, message File not found
127.0.0.1 - - [11/Oct/2025 14:51:19] "GET /runestone/static/images/RunestoneBanner%7B%7B=banner_num%7D%7D.png HTTP/1.1" 404 -
127.0.0.1 - - [11/Oct/2025 14:51:19] code 404, message File not found
127.0.0.1 - - [11/Oct/2025 14:51:19] "GET /runestone/static/images/RunestoneBanner%7B%7B=banner_num%7D%7D.png HTTP/1.1" 404 -
127.0.0.1 - - [11/Oct/2025 14:51:19] code 404, message File not found
127.0.0.1 - - [11/Oct/2025 14:51:19] "GET /%7B%7B%20=request.application%20%7D%7D/static/favicon.ico HTTP/1.1" 404 -

Aborted!
